<?xml version="1.0" encoding="UTF-8"?>
<!-- Generated by org.testng.reporters.JUnitReportReporter -->
<testsuite hostname="PC1416" name="com.dts.adminportal.dts.test.DTSCompanies070DEditCompany" tests="1" failures="0" timestamp="21 Dec 2015 06:39:47 GMT" time="43.574" errors="0">
  <testcase name="TC070DBEC_01" time="43.574" classname="com.dts.adminportal.dts.test.DTSCompanies070DEditCompany"/>
</testsuite> <!-- com.dts.adminportal.dts.test.DTSCompanies070DEditCompany -->
