<?xml version="1.0" encoding="UTF-8"?>
<!-- Generated by org.testng.reporters.JUnitReportReporter -->
<testsuite hostname="PC1416" name="com.dts.adminportal.dts.test.DTSAppsDevices640DDeviceDetail" tests="1" failures="0" timestamp="29 Dec 2015 02:39:16 GMT" time="75.893" errors="0">
  <testcase name="TC640DADD_25" time="75.893" classname="com.dts.adminportal.dts.test.DTSAppsDevices640DDeviceDetail"/>
</testsuite> <!-- com.dts.adminportal.dts.test.DTSAppsDevices640DDeviceDetail -->
