<?xml version="1.0" encoding="UTF-8"?>
<!-- Generated by org.testng.reporters.JUnitReportReporter -->
<testsuite hostname="PC1416" name="com.dts.adminportal.dts.test.DTSCompanies072DEditBrandInfoNew" tests="1" failures="0" timestamp="21 Dec 2015 07:02:26 GMT" time="323.831" errors="0">
  <testcase name="TC072DEBI_04" time="323.831" classname="com.dts.adminportal.dts.test.DTSCompanies072DEditBrandInfoNew"/>
</testsuite> <!-- com.dts.adminportal.dts.test.DTSCompanies072DEditBrandInfoNew -->
