<?xml version="1.0" encoding="UTF-8"?>
<!-- Generated by org.testng.reporters.JUnitReportReporter -->
<testsuite hostname="PC1416" name="com.dts.adminportal.dts.test.DTSAppsDevices650DDeviceEdit" tests="1" failures="0" timestamp="28 Dec 2015 09:07:39 GMT" time="168.554" errors="0">
  <testcase name="TC650DaDEN_39" time="168.554" classname="com.dts.adminportal.dts.test.DTSAppsDevices650DDeviceEdit"/>
</testsuite> <!-- com.dts.adminportal.dts.test.DTSAppsDevices650DDeviceEdit -->
