<?xml version="1.0" encoding="UTF-8"?>
<!-- Generated by org.testng.reporters.JUnitReportReporter -->
<testsuite hostname="DESKTOP-VT0SRJQ" name="com.dts.adminportal.partner.test.PartnerCompanies061PCompanyInfo_063BrandInfo" tests="1" failures="0" timestamp="31 Mar 2016 12:58:48 GMT" time="25.736" errors="0">
  <testcase name="TC061PCI_01" time="25.736" classname="com.dts.adminportal.partner.test.PartnerCompanies061PCompanyInfo_063BrandInfo"/>
</testsuite> <!-- com.dts.adminportal.partner.test.PartnerCompanies061PCompanyInfo_063BrandInfo -->
