<?xml version="1.0" encoding="UTF-8"?>
<!-- Generated by org.testng.reporters.JUnitReportReporter -->
<testsuite hostname="PC1416" name="com.dts.adminportal.dts.test.DTSCompanies063DBrandInfo" tests="3" failures="0" timestamp="21 Dec 2015 06:44:09 GMT" time="237.004" errors="0">
  <testcase name="TC063DBI_06" time="74.201" classname="com.dts.adminportal.dts.test.DTSCompanies063DBrandInfo"/>
  <testcase name="TC063DBI_01" time="66.491" classname="com.dts.adminportal.dts.test.DTSCompanies063DBrandInfo"/>
  <testcase name="TC063DBI_10" time="96.312" classname="com.dts.adminportal.dts.test.DTSCompanies063DBrandInfo"/>
</testsuite> <!-- com.dts.adminportal.dts.test.DTSCompanies063DBrandInfo -->
