<?xml version="1.0" encoding="UTF-8"?>
<!-- Generated by org.testng.reporters.JUnitReportReporter -->
<testsuite hostname="PC1416" name="com.dts.adminportal.dts.test.DTSAudioRoutes610DAudioRouteMain" tests="1" failures="0" timestamp="28 Dec 2015 04:20:35 GMT" time="44.114" errors="0">
  <testcase name="TC610DAM_12" time="44.114" classname="com.dts.adminportal.dts.test.DTSAudioRoutes610DAudioRouteMain"/>
</testsuite> <!-- com.dts.adminportal.dts.test.DTSAudioRoutes610DAudioRouteMain -->
