<?xml version="1.0" encoding="UTF-8"?>
<!-- Generated by org.testng.reporters.JUnitReportReporter -->
<testsuite hostname="PC1416" name="com.dts.adminportal.dts.test.DTSCompanies061DCompaniesInfo" tests="1" failures="0" timestamp="21 Dec 2015 03:51:12 GMT" time="192.316" errors="0">
  <testcase name="TC061DaCI_14" time="192.316" classname="com.dts.adminportal.dts.test.DTSCompanies061DCompaniesInfo"/>
</testsuite> <!-- com.dts.adminportal.dts.test.DTSCompanies061DCompaniesInfo -->
