<?xml version="1.0" encoding="UTF-8"?>
<!-- Generated by org.testng.reporters.JUnitReportReporter -->
<testsuite hostname="PC1416" name="com.dts.adminportal.dts.test.DTSProducts040DTuningState" tests="1" failures="0" timestamp="21 Dec 2015 06:33:01 GMT" time="120.045" errors="0">
  <testcase name="TC040DTS_08" time="120.045" classname="com.dts.adminportal.dts.test.DTSProducts040DTuningState"/>
</testsuite> <!-- com.dts.adminportal.dts.test.DTSProducts040DTuningState -->
