<?xml version="1.0" encoding="UTF-8"?>
<!-- Generated by org.testng.reporters.JUnitReportReporter -->
<testsuite hostname="PC1416" name="com.dts.adminportal.dts.test.DTSHome020DDTSView" tests="1" failures="0" timestamp="15 Dec 2015 03:43:36 GMT" time="89.001" errors="0">
  <testcase name="TC020DPSV_07" time="89.001" classname="com.dts.adminportal.dts.test.DTSHome020DDTSView"/>
</testsuite> <!-- com.dts.adminportal.dts.test.DTSHome020DDTSView -->
