<?xml version="1.0" encoding="UTF-8"?>
<!-- Generated by org.testng.reporters.JUnitReportReporter -->
<testsuite hostname="PC1416" name="com.dts.adminportal.dts.test.DTSAppsDevices630DDevicesList" tests="8" failures="0" timestamp="21 Dec 2015 01:18:28 GMT" time="472.043" errors="0">
  <testcase name="TC630DbADL_01" time="50.291" classname="com.dts.adminportal.dts.test.DTSAppsDevices630DDevicesList"/>
  <testcase name="TC630DaADL_07" time="50.921" classname="com.dts.adminportal.dts.test.DTSAppsDevices630DDevicesList"/>
  <testcase name="TC630DbADL_04" time="61.440" classname="com.dts.adminportal.dts.test.DTSAppsDevices630DDevicesList"/>
  <testcase name="TC630DbADL_06" time="65.193" classname="com.dts.adminportal.dts.test.DTSAppsDevices630DDevicesList"/>
  <testcase name="TC630DbADL_08" time="88.830" classname="com.dts.adminportal.dts.test.DTSAppsDevices630DDevicesList"/>
  <testcase name="TC630DaADL_08" time="39.957" classname="com.dts.adminportal.dts.test.DTSAppsDevices630DDevicesList"/>
  <testcase name="TC630DaADL_01" time="68.990" classname="com.dts.adminportal.dts.test.DTSAppsDevices630DDevicesList"/>
  <testcase name="TC630DaADL_06" time="46.421" classname="com.dts.adminportal.dts.test.DTSAppsDevices630DDevicesList"/>
</testsuite> <!-- com.dts.adminportal.dts.test.DTSAppsDevices630DDevicesList -->
